0 info it worked if it ends with ok
1 verbose cli [ '/usr/local/bin/node',
1 verbose cli   '/usr/local/bin/npm',
1 verbose cli   'install',
1 verbose cli   'midi0help' ]
2 info using npm@1.4.28
3 info using node@v0.10.36
4 verbose readDependencies using package.json deps
5 verbose cache add [ 'midi0help', null ]
6 verbose cache add name=undefined spec="midi0help" args=["midi0help",null]
7 verbose parsed url { protocol: null,
7 verbose parsed url   slashes: null,
7 verbose parsed url   auth: null,
7 verbose parsed url   host: null,
7 verbose parsed url   port: null,
7 verbose parsed url   hostname: null,
7 verbose parsed url   hash: null,
7 verbose parsed url   search: null,
7 verbose parsed url   query: null,
7 verbose parsed url   pathname: 'midi0help',
7 verbose parsed url   path: 'midi0help',
7 verbose parsed url   href: 'midi0help' }
8 silly lockFile a8b2d6bc-midi0help midi0help
9 verbose lock midi0help /Users/jack/.npm/a8b2d6bc-midi0help.lock
10 silly lockFile a8b2d6bc-midi0help midi0help
11 silly lockFile a8b2d6bc-midi0help midi0help
12 verbose addNamed [ 'midi0help', '' ]
13 verbose addNamed [ null, '*' ]
14 silly lockFile c17e59ec-midi0help midi0help@
15 verbose lock midi0help@ /Users/jack/.npm/c17e59ec-midi0help.lock
16 silly addNameRange { name: 'midi0help', range: '*', hasData: false }
17 verbose request where is /midi0help
18 verbose request registry https://registry.npmjs.org/
19 verbose request id a16d5befbe2b5f43
20 verbose url raw /midi0help
21 verbose url resolving [ 'https://registry.npmjs.org/', './midi0help' ]
22 verbose url resolved https://registry.npmjs.org/midi0help
23 verbose request where is https://registry.npmjs.org/midi0help
24 info trying registry request attempt 1 at 18:22:17
25 http GET https://registry.npmjs.org/midi0help
26 http 404 https://registry.npmjs.org/midi0help
27 verbose headers { date: 'Sat, 21 Feb 2015 18:22:17 GMT',
27 verbose headers   server: 'CouchDB/1.5.0 (Erlang OTP/R16B03)',
27 verbose headers   'content-type': 'application/json',
27 verbose headers   'cache-control': 'max-age=0',
27 verbose headers   'content-length': '52',
27 verbose headers   'accept-ranges': 'bytes',
27 verbose headers   via: '1.1 varnish',
27 verbose headers   age: '0',
27 verbose headers   'x-served-by': 'cache-lcy1133-LCY',
27 verbose headers   'x-cache': 'MISS',
27 verbose headers   'x-cache-hits': '0',
27 verbose headers   'x-timer': 'S1424542937.561175,VS0,VE84',
27 verbose headers   'keep-alive': 'timeout=10, max=50',
27 verbose headers   connection: 'Keep-Alive' }
28 silly registry.get cb [ 404,
28 silly registry.get   { date: 'Sat, 21 Feb 2015 18:22:17 GMT',
28 silly registry.get     server: 'CouchDB/1.5.0 (Erlang OTP/R16B03)',
28 silly registry.get     'content-type': 'application/json',
28 silly registry.get     'cache-control': 'max-age=0',
28 silly registry.get     'content-length': '52',
28 silly registry.get     'accept-ranges': 'bytes',
28 silly registry.get     via: '1.1 varnish',
28 silly registry.get     age: '0',
28 silly registry.get     'x-served-by': 'cache-lcy1133-LCY',
28 silly registry.get     'x-cache': 'MISS',
28 silly registry.get     'x-cache-hits': '0',
28 silly registry.get     'x-timer': 'S1424542937.561175,VS0,VE84',
28 silly registry.get     'keep-alive': 'timeout=10, max=50',
28 silly registry.get     connection: 'Keep-Alive' } ]
29 silly lockFile c17e59ec-midi0help midi0help@
30 silly lockFile c17e59ec-midi0help midi0help@
31 error 404 404 Not Found: midi0help
31 error 404
31 error 404 'midi0help' is not in the npm registry.
31 error 404 You should bug the author to publish it
31 error 404 It was specified as a dependency of 'traktorwebmidi'
31 error 404
31 error 404 Note that you can also install from a
31 error 404 tarball, folder, or http url, or git url.
32 error System Darwin 14.0.0
33 error command "/usr/local/bin/node" "/usr/local/bin/npm" "install" "midi0help"
34 error cwd /Users/jack/Dissertation/WebMIDI
35 error node -v v0.10.36
36 error npm -v 1.4.28
37 error code E404
38 verbose exit [ 1, true ]
